mode: set
github.com/livingopensource/bind-dns-api/cmd/server/main.go:16.13,23.16 4 0
github.com/livingopensource/bind-dns-api/cmd/server/main.go:23.16,25.3 1 0
github.com/livingopensource/bind-dns-api/cmd/server/main.go:28.2,28.66 1 0
github.com/livingopensource/bind-dns-api/cmd/server/main.go:28.66,30.3 1 0
github.com/livingopensource/bind-dns-api/cmd/server/main.go:33.2,53.41 12 0
github.com/livingopensource/bind-dns-api/cmd/server/main.go:53.41,55.3 1 0
github.com/livingopensource/bind-dns-api/internal/config/config.go:42.30,65.2 1 1
github.com/livingopensource/bind-dns-api/internal/config/config.go:68.47,72.16 3 1
github.com/livingopensource/bind-dns-api/internal/config/config.go:72.16,73.25 1 1
github.com/livingopensource/bind-dns-api/internal/config/config.go:73.25,75.4 1 1
github.com/livingopensource/bind-dns-api/internal/config/config.go:76.3,76.18 1 0
github.com/livingopensource/bind-dns-api/internal/config/config.go:78.2,81.47 3 1
github.com/livingopensource/bind-dns-api/internal/config/config.go:81.47,83.3 1 1
github.com/livingopensource/bind-dns-api/internal/config/config.go:85.2,85.20 1 1
github.com/livingopensource/bind-dns-api/internal/config/config.go:89.52,91.16 2 1
github.com/livingopensource/bind-dns-api/internal/config/config.go:91.16,93.3 1 0
github.com/livingopensource/bind-dns-api/internal/config/config.go:94.2,98.31 4 1
github.com/livingopensource/bind-dns-api/internal/bind/manager.go:25.50,29.2 1 1
github.com/livingopensource/bind-dns-api/internal/bind/manager.go:32.54,39.2 5 1
github.com/livingopensource/bind-dns-api/internal/bind/manager.go:42.51,49.16 5 1
github.com/livingopensource/bind-dns-api/internal/bind/manager.go:49.16,51.3 1 0
github.com/livingopensource/bind-dns-api/internal/bind/manager.go:53.2,53.32 1 1
github.com/livingopensource/bind-dns-api/internal/bind/manager.go:53.32,54.20 1 1
github.com/livingopensource/bind-dns-api/internal/bind/manager.go:54.20,55.12 1 0
github.com/livingopensource/bind-dns-api/internal/bind/manager.go:57.3,58.34 2 1
github.com/livingopensource/bind-dns-api/internal/bind/manager.go:61.2,61.21 1 1
github.com/livingopensource/bind-dns-api/internal/bind/manager.go:65.72,71.16 5 1
github.com/livingopensource/bind-dns-api/internal/bind/manager.go:71.16,73.3 1 1
github.com/livingopensource/bind-dns-api/internal/bind/manager.go:75.2,86.20 6 1
github.com/livingopensource/bind-dns-api/internal/bind/manager.go:90.89,96.45 4 1
github.com/livingopensource/bind-dns-api/internal/bind/manager.go:96.45,98.3 1 1
github.com/livingopensource/bind-dns-api/internal/bind/manager.go:100.2,102.70 2 1
github.com/livingopensource/bind-dns-api/internal/bind/manager.go:102.70,104.3 1 0
github.com/livingopensource/bind-dns-api/internal/bind/manager.go:106.2,106.12 1 1
github.com/livingopensource/bind-dns-api/internal/bind/manager.go:110.89,116.45 4 1
github.com/livingopensource/bind-dns-api/internal/bind/manager.go:116.45,117.25 1 1
github.com/livingopensource/bind-dns-api/internal/bind/manager.go:117.25,119.4 1 1
github.com/livingopensource/bind-dns-api/internal/bind/manager.go:120.3,120.65 1 0
github.com/livingopensource/bind-dns-api/internal/bind/manager.go:123.2,125.70 2 1
github.com/livingopensource/bind-dns-api/internal/bind/manager.go:125.70,127.3 1 0
github.com/livingopensource/bind-dns-api/internal/bind/manager.go:129.2,129.12 1 1
github.com/livingopensource/bind-dns-api/internal/bind/manager.go:133.57,138.44 4 1
github.com/livingopensource/bind-dns-api/internal/bind/manager.go:138.44,139.25 1 1
github.com/livingopensource/bind-dns-api/internal/bind/manager.go:139.25,141.4 1 1
github.com/livingopensource/bind-dns-api/internal/bind/manager.go:142.3,142.59 1 0
github.com/livingopensource/bind-dns-api/internal/bind/manager.go:145.2,145.12 1 1
github.com/livingopensource/bind-dns-api/internal/bind/manager.go:149.78,151.16 2 1
github.com/livingopensource/bind-dns-api/internal/bind/manager.go:151.16,153.3 1 1
github.com/livingopensource/bind-dns-api/internal/bind/manager.go:154.2,154.28 1 1
github.com/livingopensource/bind-dns-api/internal/bind/manager.go:158.86,164.16 5 1
github.com/livingopensource/bind-dns-api/internal/bind/manager.go:164.16,166.3 1 0
github.com/livingopensource/bind-dns-api/internal/bind/manager.go:168.2,179.21 2 1
github.com/livingopensource/bind-dns-api/internal/bind/manager.go:179.21,181.3 1 1
github.com/livingopensource/bind-dns-api/internal/bind/manager.go:183.2,186.77 3 1
github.com/livingopensource/bind-dns-api/internal/bind/manager.go:186.77,188.3 1 0
github.com/livingopensource/bind-dns-api/internal/bind/manager.go:190.2,190.12 1 1
github.com/livingopensource/bind-dns-api/internal/bind/manager.go:194.134,200.16 5 1
github.com/livingopensource/bind-dns-api/internal/bind/manager.go:200.16,202.3 1 0
github.com/livingopensource/bind-dns-api/internal/bind/manager.go:204.2,208.29 4 1
github.com/livingopensource/bind-dns-api/internal/bind/manager.go:208.29,210.55 2 1
github.com/livingopensource/bind-dns-api/internal/bind/manager.go:210.55,212.12 2 1
github.com/livingopensource/bind-dns-api/internal/bind/manager.go:215.3,215.59 1 1
github.com/livingopensource/bind-dns-api/internal/bind/manager.go:215.59,218.16 3 1
github.com/livingopensource/bind-dns-api/internal/bind/manager.go:218.16,220.5 1 0
github.com/livingopensource/bind-dns-api/internal/bind/manager.go:221.4,229.59 2 1
github.com/livingopensource/bind-dns-api/internal/bind/manager.go:230.9,232.4 1 1
github.com/livingopensource/bind-dns-api/internal/bind/manager.go:235.2,235.12 1 1
github.com/livingopensource/bind-dns-api/internal/bind/manager.go:235.12,237.3 1 1
github.com/livingopensource/bind-dns-api/internal/bind/manager.go:239.2,239.91 1 1
github.com/livingopensource/bind-dns-api/internal/bind/manager.go:239.91,241.3 1 0
github.com/livingopensource/bind-dns-api/internal/bind/manager.go:243.2,243.12 1 1
github.com/livingopensource/bind-dns-api/internal/bind/manager.go:247.102,253.16 5 1
github.com/livingopensource/bind-dns-api/internal/bind/manager.go:253.16,255.3 1 0
github.com/livingopensource/bind-dns-api/internal/bind/manager.go:257.2,261.29 4 1
github.com/livingopensource/bind-dns-api/internal/bind/manager.go:261.29,263.55 2 1
github.com/livingopensource/bind-dns-api/internal/bind/manager.go:263.55,265.12 2 1
github.com/livingopensource/bind-dns-api/internal/bind/manager.go:268.3,268.59 1 1
github.com/livingopensource/bind-dns-api/internal/bind/manager.go:268.59,270.12 2 1
github.com/livingopensource/bind-dns-api/internal/bind/manager.go:272.3,272.36 1 1
github.com/livingopensource/bind-dns-api/internal/bind/manager.go:275.2,275.12 1 1
github.com/livingopensource/bind-dns-api/internal/bind/manager.go:275.12,277.3 1 1
github.com/livingopensource/bind-dns-api/internal/bind/manager.go:279.2,279.91 1 1
github.com/livingopensource/bind-dns-api/internal/bind/manager.go:279.91,281.3 1 0
github.com/livingopensource/bind-dns-api/internal/bind/manager.go:283.2,283.12 1 1
github.com/livingopensource/bind-dns-api/internal/bind/manager.go:287.55,288.60 1 1
github.com/livingopensource/bind-dns-api/internal/bind/manager.go:288.60,290.3 1 1
github.com/livingopensource/bind-dns-api/internal/bind/manager.go:292.2,293.33 2 0
github.com/livingopensource/bind-dns-api/internal/bind/manager.go:293.33,295.3 1 0
github.com/livingopensource/bind-dns-api/internal/bind/manager.go:296.2,300.16 4 0
github.com/livingopensource/bind-dns-api/internal/bind/manager.go:300.16,302.3 1 0
github.com/livingopensource/bind-dns-api/internal/bind/manager.go:304.2,304.12 1 0
github.com/livingopensource/bind-dns-api/internal/bind/manager.go:308.37,309.60 1 1
github.com/livingopensource/bind-dns-api/internal/bind/manager.go:309.60,311.3 1 1
github.com/livingopensource/bind-dns-api/internal/bind/manager.go:313.2,314.33 2 0
github.com/livingopensource/bind-dns-api/internal/bind/manager.go:314.33,316.3 1 0
github.com/livingopensource/bind-dns-api/internal/bind/manager.go:317.2,321.16 4 0
github.com/livingopensource/bind-dns-api/internal/bind/manager.go:321.16,323.3 1 0
github.com/livingopensource/bind-dns-api/internal/bind/manager.go:325.2,325.12 1 0
github.com/livingopensource/bind-dns-api/internal/bind/manager.go:329.61,331.2 1 1
github.com/livingopensource/bind-dns-api/internal/bind/manager.go:334.94,343.21 6 1
github.com/livingopensource/bind-dns-api/internal/bind/manager.go:343.21,345.3 1 1
github.com/livingopensource/bind-dns-api/internal/bind/manager.go:346.2,346.21 1 1
github.com/livingopensource/bind-dns-api/internal/bind/manager.go:346.21,348.3 1 1
github.com/livingopensource/bind-dns-api/internal/bind/manager.go:349.2,349.21 1 1
github.com/livingopensource/bind-dns-api/internal/bind/manager.go:349.21,351.3 1 1
github.com/livingopensource/bind-dns-api/internal/bind/manager.go:352.2,352.22 1 1
github.com/livingopensource/bind-dns-api/internal/bind/manager.go:352.22,354.3 1 1
github.com/livingopensource/bind-dns-api/internal/bind/manager.go:355.2,355.20 1 1
github.com/livingopensource/bind-dns-api/internal/bind/manager.go:355.20,357.3 1 1
github.com/livingopensource/bind-dns-api/internal/bind/manager.go:358.2,358.21 1 1
github.com/livingopensource/bind-dns-api/internal/bind/manager.go:358.21,360.3 1 1
github.com/livingopensource/bind-dns-api/internal/bind/manager.go:361.2,361.22 1 1
github.com/livingopensource/bind-dns-api/internal/bind/manager.go:361.22,363.3 1 1
github.com/livingopensource/bind-dns-api/internal/bind/manager.go:365.2,377.27 11 1
github.com/livingopensource/bind-dns-api/internal/bind/manager.go:377.27,379.3 1 1
github.com/livingopensource/bind-dns-api/internal/bind/manager.go:381.2,381.33 1 1
github.com/livingopensource/bind-dns-api/internal/bind/manager.go:381.33,383.3 1 1
github.com/livingopensource/bind-dns-api/internal/bind/manager.go:385.2,391.20 4 1
github.com/livingopensource/bind-dns-api/internal/bind/manager.go:395.98,404.21 7 1
github.com/livingopensource/bind-dns-api/internal/bind/manager.go:404.21,408.49 2 1
github.com/livingopensource/bind-dns-api/internal/bind/manager.go:408.49,409.12 1 1
github.com/livingopensource/bind-dns-api/internal/bind/manager.go:413.3,413.36 1 1
github.com/livingopensource/bind-dns-api/internal/bind/manager.go:413.36,416.12 3 1
github.com/livingopensource/bind-dns-api/internal/bind/manager.go:419.3,419.12 1 1
github.com/livingopensource/bind-dns-api/internal/bind/manager.go:419.12,421.35 2 1
github.com/livingopensource/bind-dns-api/internal/bind/manager.go:421.35,424.5 2 1
github.com/livingopensource/bind-dns-api/internal/bind/manager.go:425.4,425.12 1 1
github.com/livingopensource/bind-dns-api/internal/bind/manager.go:429.3,430.20 2 1
github.com/livingopensource/bind-dns-api/internal/bind/manager.go:430.20,431.42 1 1
github.com/livingopensource/bind-dns-api/internal/bind/manager.go:431.42,433.5 1 1
github.com/livingopensource/bind-dns-api/internal/bind/manager.go:434.4,434.38 1 1
github.com/livingopensource/bind-dns-api/internal/bind/manager.go:438.2,438.34 1 1
github.com/livingopensource/bind-dns-api/internal/bind/manager.go:442.67,449.29 4 1
github.com/livingopensource/bind-dns-api/internal/bind/manager.go:449.29,450.40 1 1
github.com/livingopensource/bind-dns-api/internal/bind/manager.go:450.40,453.9 3 1
github.com/livingopensource/bind-dns-api/internal/bind/manager.go:458.2,458.29 1 1
github.com/livingopensource/bind-dns-api/internal/bind/manager.go:458.29,460.17 2 1
github.com/livingopensource/bind-dns-api/internal/bind/manager.go:460.17,461.12 1 1
github.com/livingopensource/bind-dns-api/internal/bind/manager.go:463.3,463.22 1 1
github.com/livingopensource/bind-dns-api/internal/bind/manager.go:463.22,465.4 1 1
github.com/livingopensource/bind-dns-api/internal/bind/manager.go:465.9,465.30 1 1
github.com/livingopensource/bind-dns-api/internal/bind/manager.go:465.30,467.4 1 1
github.com/livingopensource/bind-dns-api/internal/bind/manager.go:467.9,467.28 1 1
github.com/livingopensource/bind-dns-api/internal/bind/manager.go:467.28,469.4 1 1
github.com/livingopensource/bind-dns-api/internal/bind/manager.go:469.9,469.29 1 1
github.com/livingopensource/bind-dns-api/internal/bind/manager.go:469.29,471.4 1 1
github.com/livingopensource/bind-dns-api/internal/bind/manager.go:471.9,471.30 1 1
github.com/livingopensource/bind-dns-api/internal/bind/manager.go:471.30,473.4 1 1
github.com/livingopensource/bind-dns-api/internal/bind/manager.go:476.2,476.12 1 1
github.com/livingopensource/bind-dns-api/internal/bind/manager.go:481.66,483.20 2 1
github.com/livingopensource/bind-dns-api/internal/bind/manager.go:483.20,485.3 1 1
github.com/livingopensource/bind-dns-api/internal/bind/manager.go:487.2,498.54 4 1
github.com/livingopensource/bind-dns-api/internal/bind/manager.go:498.54,503.3 3 0
github.com/livingopensource/bind-dns-api/internal/bind/manager.go:506.2,506.61 1 1
github.com/livingopensource/bind-dns-api/internal/bind/manager.go:506.61,508.3 1 0
github.com/livingopensource/bind-dns-api/internal/bind/manager.go:511.2,511.25 1 1
github.com/livingopensource/bind-dns-api/internal/bind/manager.go:511.25,513.3 1 0
github.com/livingopensource/bind-dns-api/internal/bind/manager.go:516.2,521.33 3 1
github.com/livingopensource/bind-dns-api/internal/bind/manager.go:521.33,522.55 1 1
github.com/livingopensource/bind-dns-api/internal/bind/manager.go:522.55,525.4 2 1
github.com/livingopensource/bind-dns-api/internal/bind/manager.go:529.2,529.61 1 1
github.com/livingopensource/bind-dns-api/internal/bind/manager.go:529.61,531.3 1 1
github.com/livingopensource/bind-dns-api/internal/bind/manager.go:533.2,533.23 1 1
github.com/livingopensource/bind-dns-api/internal/bind/manager.go:533.23,535.3 1 0
github.com/livingopensource/bind-dns-api/internal/bind/manager.go:537.2,539.20 2 1
github.com/livingopensource/bind-dns-api/internal/bind/manager.go:540.68,542.8 2 1
github.com/livingopensource/bind-dns-api/internal/bind/manager.go:543.10,545.13 1 0
github.com/livingopensource/bind-dns-api/internal/bind/manager.go:549.2,549.22 1 1
github.com/livingopensource/bind-dns-api/internal/bind/manager.go:549.22,551.61 1 1
github.com/livingopensource/bind-dns-api/internal/bind/manager.go:551.61,552.61 1 1
github.com/livingopensource/bind-dns-api/internal/bind/manager.go:552.61,555.5 2 1
github.com/livingopensource/bind-dns-api/internal/bind/manager.go:557.3,557.48 1 1
github.com/livingopensource/bind-dns-api/internal/bind/manager.go:560.2,560.15 1 1
github.com/livingopensource/bind-dns-api/internal/bind/manager.go:564.68,569.63 3 1
github.com/livingopensource/bind-dns-api/internal/bind/manager.go:569.63,571.3 1 1
github.com/livingopensource/bind-dns-api/internal/bind/manager.go:573.2,575.20 2 1
github.com/livingopensource/bind-dns-api/internal/bind/manager.go:579.94,581.20 2 1
github.com/livingopensource/bind-dns-api/internal/bind/manager.go:581.20,583.3 1 1
github.com/livingopensource/bind-dns-api/internal/bind/manager.go:585.2,587.52 2 1
github.com/livingopensource/bind-dns-api/internal/bind/manager.go:587.52,589.3 1 1
github.com/livingopensource/bind-dns-api/internal/bind/manager.go:591.2,591.61 1 1
github.com/livingopensource/bind-dns-api/internal/bind/manager.go:591.61,593.3 1 0
github.com/livingopensource/bind-dns-api/internal/bind/manager.go:596.2,596.45 1 1
github.com/livingopensource/bind-dns-api/internal/bind/manager.go:596.45,598.3 1 1
github.com/livingopensource/bind-dns-api/internal/bind/manager.go:599.2,602.22 2 1
github.com/livingopensource/bind-dns-api/internal/bind/manager.go:602.22,603.53 1 1
github.com/livingopensource/bind-dns-api/internal/bind/manager.go:603.53,605.4 1 1
github.com/livingopensource/bind-dns-api/internal/bind/manager.go:609.2,609.61 1 1
github.com/livingopensource/bind-dns-api/internal/bind/manager.go:609.61,611.3 1 1
github.com/livingopensource/bind-dns-api/internal/bind/manager.go:614.2,614.76 1 1
github.com/livingopensource/bind-dns-api/internal/bind/manager.go:614.76,616.3 1 1
github.com/livingopensource/bind-dns-api/internal/bind/manager.go:618.2,618.13 1 1
github.com/livingopensource/bind-dns-api/internal/bind/manager.go:622.32,624.2 1 1
github.com/livingopensource/bind-dns-api/internal/api/handler.go:21.49,25.2 1 1
github.com/livingopensource/bind-dns-api/internal/api/handler.go:28.54,30.2 2 1
github.com/livingopensource/bind-dns-api/internal/api/handler.go:30.2,36.3 3 1
github.com/livingopensource/bind-dns-api/internal/api/handler.go:36.3,45.4 7 1
github.com/livingopensource/bind-dns-api/internal/api/handler.go:45.4,50.5 4 1
github.com/livingopensource/bind-dns-api/internal/api/handler.go:53.4,53.47 1 1
github.com/livingopensource/bind-dns-api/internal/api/handler.go:57.3,57.35 1 1
github.com/livingopensource/bind-dns-api/internal/api/handler.go:62.47,68.2 1 1
github.com/livingopensource/bind-dns-api/internal/api/handler.go:71.47,73.16 2 1
github.com/livingopensource/bind-dns-api/internal/api/handler.go:73.16,79.3 2 0
github.com/livingopensource/bind-dns-api/internal/api/handler.go:81.2,84.4 1 1
github.com/livingopensource/bind-dns-api/internal/api/handler.go:88.45,92.16 3 1
github.com/livingopensource/bind-dns-api/internal/api/handler.go:92.16,98.3 2 1
github.com/livingopensource/bind-dns-api/internal/api/handler.go:100.2,103.4 1 1
github.com/livingopensource/bind-dns-api/internal/api/handler.go:107.48,110.47 2 1
github.com/livingopensource/bind-dns-api/internal/api/handler.go:110.47,116.3 2 1
github.com/livingopensource/bind-dns-api/internal/api/handler.go:118.2,118.62 1 1
github.com/livingopensource/bind-dns-api/internal/api/handler.go:118.62,124.3 2 1
github.com/livingopensource/bind-dns-api/internal/api/handler.go:126.2,129.4 1 1
github.com/livingopensource/bind-dns-api/internal/api/handler.go:133.48,138.47 3 1
github.com/livingopensource/bind-dns-api/internal/api/handler.go:138.47,144.3 2 0
github.com/livingopensource/bind-dns-api/internal/api/handler.go:146.2,146.58 1 1
github.com/livingopensource/bind-dns-api/internal/api/handler.go:146.58,152.3 2 1
github.com/livingopensource/bind-dns-api/internal/api/handler.go:154.2,157.4 1 1
github.com/livingopensource/bind-dns-api/internal/api/handler.go:161.48,164.53 2 1
github.com/livingopensource/bind-dns-api/internal/api/handler.go:164.53,170.3 2 1
github.com/livingopensource/bind-dns-api/internal/api/handler.go:172.2,175.4 1 1
github.com/livingopensource/bind-dns-api/internal/api/handler.go:179.47,183.16 3 1
github.com/livingopensource/bind-dns-api/internal/api/handler.go:183.16,189.3 2 1
github.com/livingopensource/bind-dns-api/internal/api/handler.go:191.2,194.4 1 1
github.com/livingopensource/bind-dns-api/internal/api/handler.go:198.45,203.47 3 1
github.com/livingopensource/bind-dns-api/internal/api/handler.go:203.47,209.3 2 1
github.com/livingopensource/bind-dns-api/internal/api/handler.go:211.2,211.55 1 1
github.com/livingopensource/bind-dns-api/internal/api/handler.go:211.55,217.3 2 1
github.com/livingopensource/bind-dns-api/internal/api/handler.go:219.2,222.4 1 1
github.com/livingopensource/bind-dns-api/internal/api/handler.go:226.48,233.47 5 1
github.com/livingopensource/bind-dns-api/internal/api/handler.go:233.47,239.3 2 0
github.com/livingopensource/bind-dns-api/internal/api/handler.go:241.2,241.82 1 1
github.com/livingopensource/bind-dns-api/internal/api/handler.go:241.82,247.3 2 1
github.com/livingopensource/bind-dns-api/internal/api/handler.go:249.2,252.4 1 1
github.com/livingopensource/bind-dns-api/internal/api/handler.go:256.48,261.77 4 1
github.com/livingopensource/bind-dns-api/internal/api/handler.go:261.77,267.3 2 1
github.com/livingopensource/bind-dns-api/internal/api/handler.go:269.2,272.4 1 1
github.com/livingopensource/bind-dns-api/internal/api/handler.go:276.46,279.51 2 1
github.com/livingopensource/bind-dns-api/internal/api/handler.go:279.51,285.3 2 1
github.com/livingopensource/bind-dns-api/internal/api/handler.go:287.2,290.4 1 0
github.com/livingopensource/bind-dns-api/internal/api/handler.go:294.45,295.46 1 1
github.com/livingopensource/bind-dns-api/internal/api/handler.go:295.46,301.3 2 1
github.com/livingopensource/bind-dns-api/internal/api/handler.go:303.2,306.4 1 0
